<?xml version="1.0" encoding="UTF-8"?>
<!-- Generated by org.testng.reporters.JUnitReportReporter -->
<testsuite skipped="0" hostname="MSI" name="com.freecrm.qa.testcases.ContactsPageTest" tests="6" failures="0" timestamp="2018-12-19T16:09:57 GMT" time="66.327" errors="0">
  <testcase name="verifyContactsPageLabelTest" time="10.522" classname="com.freecrm.qa.testcases.ContactsPageTest"/>
  <testcase name="selectSingleContactsByNameTest" time="9.594" classname="com.freecrm.qa.testcases.ContactsPageTest"/>
  <testcase name="selectMultipleContactsByNameTest" time="9.803" classname="com.freecrm.qa.testcases.ContactsPageTest"/>
  <testcase name="validateCreateNewContactTest" time="12.137" classname="com.freecrm.qa.testcases.ContactsPageTest"/>
  <testcase name="validateCreateNewContactTest" time="12.069" classname="com.freecrm.qa.testcases.ContactsPageTest"/>
  <testcase name="validateCreateNewContactTest" time="12.202" classname="com.freecrm.qa.testcases.ContactsPageTest"/>
</testsuite> <!-- com.freecrm.qa.testcases.ContactsPageTest -->
