<?xml version="1.0" encoding="UTF-8"?>
<!-- Generated by org.testng.reporters.JUnitReportReporter -->
<testsuite skipped="0" hostname="MSI" name="com.freecrm.qa.testcases.LoginPageTest" tests="3" failures="0" timestamp="2018-12-19T16:09:57 GMT" time="20.762" errors="0">
  <testcase name="loginPageTitleTest" time="5.976" classname="com.freecrm.qa.testcases.LoginPageTest"/>
  <testcase name="crmLogoImageTest" time="5.836" classname="com.freecrm.qa.testcases.LoginPageTest"/>
  <testcase name="loginTest" time="8.950" classname="com.freecrm.qa.testcases.LoginPageTest"/>
</testsuite> <!-- com.freecrm.qa.testcases.LoginPageTest -->
