<?xml version="1.0" encoding="UTF-8"?>
<!-- Generated by org.testng.reporters.JUnitReportReporter -->
<testsuite skipped="0" hostname="MSI" name="com.freecrm.qa.testcases.HomePageTest" tests="6" failures="0" timestamp="2018-12-19T16:09:57 GMT" time="54.295" errors="0">
  <testcase name="verifyHomePageTitleTest" time="8.588" classname="com.freecrm.qa.testcases.HomePageTest"/>
  <testcase name="verifyUserNameTest" time="8.667" classname="com.freecrm.qa.testcases.HomePageTest"/>
  <testcase name="clickOnContactsLinkTest" time="9.356" classname="com.freecrm.qa.testcases.HomePageTest"/>
  <testcase name="verifySetupLinkTest" time="9.630" classname="com.freecrm.qa.testcases.HomePageTest"/>
  <testcase name="verifyLogoutLinkTest" time="9.033" classname="com.freecrm.qa.testcases.HomePageTest"/>
  <testcase name="verifyHelpLinkTest" time="9.021" classname="com.freecrm.qa.testcases.HomePageTest"/>
</testsuite> <!-- com.freecrm.qa.testcases.HomePageTest -->
